<?xml version="1.0" encoding="UTF-8"?>
<testsuite xmlns:xsi="http://www.w3.org/2001/XMLSchema-instance" xsi:noNamespaceSchemaLocation="https://maven.apache.org/surefire/maven-surefire-plugin/xsd/surefire-test-report.xsd" version="3.0.2" name="com.mycompany.prog5121_poe_part1.LoginTest" time="0.381" tests="13" errors="0" skipped="0" failures="0">
  <properties>
[...]
</properties>
  <testcase name="testCellPhoneNumberIncorrectlyFormatted" classname="com.mycompany.prog5121_poe_part1.LoginTest" time="0.064"/>
  <testcase name="testUserNameCorrectlyFormatted" classname="com.mycompany.prog5121_poe_part1.LoginTest" time="0.016"/>
  <testcase name="testCellPhoneNumberCorrectlyFormatted" classname="com.mycompany.prog5121_poe_part1.LoginTest" time="0.009"/>
  <testcase name="testReturnLoginStatus_Success" classname="com.mycompany.prog5121_poe_part1.LoginTest" time="0.021"/>
  <testcase name="testRegisterUser_CellNumberFails" classname="com.mycompany.prog5121_poe_part1.LoginTest" time="0.006"/>
  <testcase name="testPasswordDoesNotMeetComplexityRules" classname="com.mycompany.prog5121_poe_part1.LoginTest" time="0.006"/>
  <testcase name="testReturnLoginStatus_Failure" classname="com.mycompany.prog5121_poe_part1.LoginTest" time="0.019"/>
  <testcase name="testPasswordMeetsComplexityRules" classname="com.mycompany.prog5121_poe_part1.LoginTest" time="0.008"/>
  <testcase name="testRegisterUser_PasswordFails" classname="com.mycompany.prog5121_poe_part1.LoginTest" time="0.022"/>
  <testcase name="testLoginFailed" classname="com.mycompany.prog5121_poe_part1.LoginTest" time="0.008"/>
  <testcase name="testLoginSuccessful" classname="com.mycompany.prog5121_poe_part1.LoginTest" time="0.004"/>
  <testcase name="testRegisterUser_UsernameFails" classname="com.mycompany.prog5121_poe_part1.LoginTest" time="0.006"/>
  <testcase name="testUserNameIncorrectlyFormatted" classname="com.mycompany.prog5121_poe_part1.LoginTest" time="0.002"/>
</testsuite>